Arguments: 
  /usr/bin/node /usr/bin/yarn

PATH: 
  /home/xie/.cargo/bin:/usr/local/sbin:/usr/local/bin:/usr/sbin:/usr/bin:/sbin:/bin:/usr/games:/usr/local/games:/snap/bin:/snap/bin:/home/xie/code/js/console-xie/node_modules/.bin

Yarn version: 
  1.22.19

Node version: 
  18.17.1

Platform: 
  linux x64

Trace: 
  SyntaxError: /home/xie/code/js/console-xie/package.json: Unexpected token } in JSON at position 332
      at JSON.parse (<anonymous>)
      at /usr/lib/node_modules/yarn/lib/cli.js:1629:59
      at Generator.next (<anonymous>)
      at step (/usr/lib/node_modules/yarn/lib/cli.js:310:30)
      at /usr/lib/node_modules/yarn/lib/cli.js:321:13

npm manifest: 
  {
    "name": "console-xie",
    "version": "1.0.0",
    "main": "index.js",
    "license": "MIT",
  
    "devDependencies": {
      "@rushstack/eslint-patch": "^1.3.2",
      "@tsconfig/node18": "^18.2.0",
      "@types/node": "^18.17.5",
      "eslint": "^8.46.0",
      "npm-run-all": "^4.1.5",
      "prettier": "^3.0.0",
      "typescript": "~5.1.6",
    }
  }

yarn manifest: 
  No manifest

Lockfile: 
  No lockfile
